22:04:05.549 [main] INFO c.m.f.Service [Service.java:1050] getMessageSet loading 278 non-sub-routable methods
22:04:05.560 [main] INFO c.m.f.Service [Service.java:1476] cfg file /home/nick/MRL/nickscripts/.myrobotlab/runtime.json does not exist
22:04:05.576 [main] INFO c.m.f.r.Repo [Repo.java:101] repo.json file not found
22:04:05.578 [main] INFO c.m.f.r.ServiceData [ServiceData.java:78] try #1 loading local file /home/nick/MRL/nickscripts/.myrobotlab/serviceData.json
22:04:05.815 [filemsgscanner.agent.20191025.220405470.858] INFO c.m.f.FileMsgScanner [FileMsgScanner.java:33] enabling file msgs in msgs
22:04:05.815 [main] INFO c.m.s.Runtime [Runtime.java:1793] ============== args begin ==============
22:04:05.818 [main] INFO c.m.s.Runtime [Runtime.java:1805] jvmArgs []
22:04:05.819 [main] INFO c.m.s.Runtime [Runtime.java:1807] file.encoding UTF-8
22:04:05.819 [main] INFO c.m.s.Runtime [Runtime.java:1808] args [-isAgent, -id, agent.20191025.220405470.858]
22:04:05.820 [main] INFO c.m.s.Runtime [Runtime.java:1810] ============== args end ==============
22:04:05.820 [main] INFO c.m.s.Runtime [Runtime.java:1812] ============== env begin ==============
22:04:05.823 [main] INFO c.m.s.Runtime [Runtime.java:1821] PATH=/opt/ros/melodic/bin:/usr/local/sbin:/usr/local/bin:/usr/sbin:/usr/bin:/sbin:/bin:/usr/local/games:/usr/games
22:04:05.824 [main] INFO c.m.s.Runtime [Runtime.java:1828] JAVA_HOME not defined
22:04:05.824 [main] INFO c.m.s.Runtime [Runtime.java:1830] ============== env end ==============
22:04:05.824 [main] INFO c.m.s.Runtime [Runtime.java:1834] ============== normalized ==============
22:04:05.825 [main] INFO c.m.s.Runtime [Runtime.java:1835] 2019/10/25 22:04:05 - GMT - 2019/10/26 05:04:05
22:04:05.825 [main] INFO c.m.s.Runtime [Runtime.java:1836] pid 858
22:04:05.825 [main] INFO c.m.s.Runtime [Runtime.java:1837] hostname dietpi
22:04:05.826 [main] INFO c.m.s.Runtime [Runtime.java:1838] ivy [runtime,armv7.hfp.32.linux]
22:04:05.826 [main] INFO c.m.s.Runtime [Runtime.java:1839] version 1.0.localBuild branch master commit localCommit build null
22:04:05.827 [main] INFO c.m.s.Runtime [Runtime.java:1840] platform [armv7.hfp.32.linux}]
22:04:05.827 [main] INFO c.m.s.Runtime [Runtime.java:1841] version [1.0.localBuild]
22:04:05.828 [main] INFO c.m.s.Runtime [Runtime.java:1842] root [/home/nick/MRL/myrobotlab.jar]
22:04:05.829 [main] INFO c.m.s.Runtime [Runtime.java:1843] cfg dir [/home/nick/MRL/nickscripts/.myrobotlab]
22:04:05.829 [main] INFO c.m.s.Runtime [Runtime.java:1844] sun.arch.data.model [32]
22:04:05.829 [main] INFO c.m.s.Runtime [Runtime.java:1846] ============== non-normalized ==============
22:04:05.830 [main] INFO c.m.s.Runtime [Runtime.java:1847] os.name [Linux] getOS [linux]
22:04:05.830 [main] INFO c.m.s.Runtime [Runtime.java:1848] os.arch [arm] getArch [armv7.hfp]
22:04:05.830 [main] INFO c.m.s.Runtime [Runtime.java:1849] os.version [4.19.75-v7l+]
22:04:05.831 [main] INFO c.m.s.Runtime [Runtime.java:1851] java.vm.name [OpenJDK Client VM]
22:04:05.831 [main] INFO c.m.s.Runtime [Runtime.java:1852] java.vm.vendor [Oracle Corporation]
22:04:05.832 [main] INFO c.m.s.Runtime [Runtime.java:1853] java.specification.version [1.8]
22:04:05.832 [main] INFO c.m.s.Runtime [Runtime.java:1856] file.encoding [UTF-8]
22:04:05.832 [main] INFO c.m.s.Runtime [Runtime.java:1857] Charset.defaultCharset() [UTF-8]
22:04:05.833 [main] INFO c.m.s.Runtime [Runtime.java:1861] java.home [/usr/lib/jvm/java-8-openjdk-armhf/jre]
22:04:05.833 [main] INFO c.m.s.Runtime [Runtime.java:1862] java.class.path [../myrobotlab.jar]
22:04:05.833 [main] INFO c.m.s.Runtime [Runtime.java:1863] java.library.path [/opt/ros/melodic/lib:/usr/java/packages/lib/arm:/usr/lib/arm-linux-gnueabihf/jni:/lib/arm-linux-gnueabihf:/usr/lib/arm-linux-gnueabihf:/usr/lib/jni:/lib:/usr/lib]
22:04:05.834 [main] INFO c.m.s.Runtime [Runtime.java:1864] user.dir [/home/nick/MRL/nickscripts]
22:04:05.834 [main] INFO c.m.s.Runtime [Runtime.java:1866] user.home [/home/nick]
22:04:05.838 [main] INFO c.m.s.Runtime [Runtime.java:1867] total mem [15] Mb
22:04:05.838 [main] INFO c.m.s.Runtime [Runtime.java:1868] total free [12] Mb
22:04:05.839 [main] INFO c.m.s.Runtime [Runtime.java:1869] total physical mem [3918] Mb
22:04:05.839 [main] INFO c.m.s.Runtime [Runtime.java:1871] getting local repo
22:04:05.840 [main] WARN c.m.i.FileIO [FileIO.java:380] resource aleady exists - not extracting
22:04:05.841 [main] INFO c.m.s.Runtime [Runtime.java:353] Runtime.createService cli
22:04:05.846 [main] INFO c.m.f.Service [Service.java:1050] getMessageSet loading 170 non-sub-routable methods
22:04:05.875 [main] INFO c.m.f.Service [Service.java:1389] no such method Runtime.registered(Cli) :  - attempting upcasting
22:04:05.877 [main] INFO c.m.f.Service [Service.java:1394] searching through 278 methods
22:04:05.880 [main] INFO c.m.s.Runtime [Runtime.java:353] Runtime.createService agent
22:04:05.881 [cli-stdin-decoder] ERROR c.m.s.Cli [Cli.java:150] cli input stream is closed - exiting
22:04:05.883 [main] INFO c.m.f.Service [Service.java:1050] getMessageSet loading 194 non-sub-routable methods
22:04:05.892 [main] INFO c.m.f.Service [Service.java:1389] no such method Runtime.registered(Agent) :  - attempting upcasting
22:04:05.893 [main] INFO c.m.f.Service [Service.java:1394] searching through 278 methods
22:04:05.894 [main] INFO c.m.s.Agent [Agent.java:174] Agent agent Pid 858 is alive
22:04:05.896 [main] INFO c.m.s.Agent [Agent.java:862] I am a jar - must be runtime
22:04:05.897 [main] INFO c.m.s.Agent [Agent.java:914] Agent starting spawn 20191025.220405897
22:04:05.898 [main] INFO c.m.s.Agent [Agent.java:915] in args [-service, GUIService, GUIservice, SwingGui, SwingGui, python, Python, -invoke, python, execFile, ./nickscripts/Remote_inMoov_arm.py]
22:04:05.898 [main] INFO c.m.s.Agent [Agent.java:922] total physical memory returned is 3918 Mb
22:04:05.899 [main] INFO c.m.s.Agent [Agent.java:931] ============== spawn begin ==============
22:04:05.900 [main] INFO c.m.s.Agent [Agent.java:944] spawning -> [/usr/lib/jvm/java-8-openjdk-armhf/jre/bin/java -Djava.library.path=libraries/native -Djna.library.path=libraries/native -Dfile.encoding=UTF-8 -cp /home/nick/MRL/myrobotlab.jar:./libraries/jar/jython.jar:./libraries/jar/*:./bin:./build/classes org.myrobotlab.service.Runtime -fromAgent agent.20191025.220405470.858 -id runtime.20191025.220405900.0 -service GUIService GUIservice SwingGui SwingGui python Python -invoke python execFile ./nickscripts/Remote_inMoov_arm.py ]
22:04:05.905 [main] INFO c.m.s.Agent [Agent.java:952] in /home/nick/MRL spawning -> [/usr/lib/jvm/java-8-openjdk-armhf/jre/bin/java -Djava.library.path=libraries/native -Djna.library.path=libraries/native -Dfile.encoding=UTF-8 -cp /home/nick/MRL/myrobotlab.jar:./libraries/jar/jython.jar:./libraries/jar/*:./bin:./build/classes org.myrobotlab.service.Runtime -fromAgent agent.20191025.220405470.858 -id runtime.20191025.220405900.0 -service GUIService GUIservice SwingGui SwingGui python Python -invoke python execFile ./nickscripts/Remote_inMoov_arm.py ]
22:04:06.077 [main] INFO c.m.f.Service [Service.java:2059] agent info starting new runtime.20191025.220405900.0 runtime
22:04:06.078 [main] INFO c.m.s.Agent [Agent.java:984] Agent finished spawn 20191025.220406078
